Arguments: 
  C:\Program Files\nodejs\node.exe C:\Program Files\nodejs\node_modules\yarn\bin\yarn.js

PATH: 
  c:\myenv\\cmds;;c:\myenv\\tools;c:\myenv\\bin\PsTools;c:\myenv\\bin\7z;c:\myenv\\bin\node;C:\Program Files\ConEmu\ConEmu\Scripts;C:\Program Files\ConEmu;C:\Program Files\ConEmu\ConEmu;C:\ProgramData\Oracle\Java\javapath;C:\Windows\system32;C:\Windows;C:\Windows\System32\Wbem;C:\Windows\System32\WindowsPowerShell\v1.0\;C:\Program Files\Git\cmd;C:\Program Files\dotnet\;C:\Program Files\Microsoft SQL Server\130\Tools\Binn\;C:\ProgramData\chocolatey\bin;C:\Program Files\Microsoft\Web Platform Installer\;C:\Program Files\Microsoft SQL Server\Client SDK\ODBC\130\Tools\Binn\;C:\Program Files (x86)\Microsoft SQL Server\140\Tools\Binn\;C:\Program Files\Microsoft SQL Server\140\Tools\Binn\;C:\Program Files\Microsoft SQL Server\140\DTS\Binn\;C:\Users\ori_c\AppData\Roaming\nvm;C:\Program Files\nodejs;C:\Program Files\PuTTY\;C:\Program Files (x86)\Yarn\bin\;C:\Users\ori_c\AppData\Local\Microsoft\WindowsApps;C:\Users\ori_c\AppData\Roaming\nvm;C:\Program Files\nodejs;C:\Program Files (x86)\Sophos\Sophos SSL VPN Client\bin;C:\Users\ori_c\AppData\Roaming\nvm;C:\Program Files\nodejs;C:\Users\ori_c\AppData\Local\Programs\Fiddler;C:\Users\ori_c\AppData\Local\Yarn\bin

Yarn version: 
  1.6.0

Node version: 
  8.10.0

Platform: 
  win32 x64

Trace: 
  SyntaxError: C:\repos\course-mrm-2018-05\samples\manage-multiple-projects-with-yarn-workapce\myapp\package.json: Unexpected string in JSON at position 663
      at JSON.parse (<anonymous>)
      at C:\Users\ori_c\AppData\Roaming\nvm\v8.10.0\node_modules\yarn\lib\cli.js:1130:59
      at Generator.next (<anonymous>)
      at step (C:\Users\ori_c\AppData\Roaming\nvm\v8.10.0\node_modules\yarn\lib\cli.js:98:30)
      at C:\Users\ori_c\AppData\Roaming\nvm\v8.10.0\node_modules\yarn\lib\cli.js:109:13
      at <anonymous>

npm manifest: 
  {
    "name": "manage-multiple-projects-with-yarn-workapce",
    "version": "1.0.0",
    "main": "index.js",
    "license": "MIT",
    "workspaces": [
  	"mylib",
  	"myapp"
    ],
    "private": true
  }

yarn manifest: 
  No manifest

Lockfile: 
  No lockfile
